<?xml version="1.0" encoding="UTF-8"?>
<testng-results skipped="0" failed="0" ignored="0" total="5" passed="5">
  <reporter-output>
  </reporter-output>
  <suite name="Suite" duration-ms="4218" started-at="2019-10-15T12:08:05Z" finished-at="2019-10-15T12:08:09Z">
    <groups>
    </groups>
    <test name="Test" duration-ms="4218" started-at="2019-10-15T12:08:05Z" finished-at="2019-10-15T12:08:09Z">
      <class name="testCases.TC_VideoGameAPI">
        <test-method status="PASS" signature="test_getAllVideoGames()[pri:1, instance:testCases.TC_VideoGameAPI@685cb137]" name="test_getAllVideoGames" duration-ms="2594" started-at="2019-10-15T12:08:05Z" finished-at="2019-10-15T12:08:08Z">
          <reporter-output>
          </reporter-output>
        </test-method> <!-- test_getAllVideoGames -->
        <test-method status="PASS" signature="test_addNewVideoGame()[pri:2, instance:testCases.TC_VideoGameAPI@685cb137]" name="test_addNewVideoGame" duration-ms="817" started-at="2019-10-15T12:08:08Z" finished-at="2019-10-15T12:08:09Z">
          <reporter-output>
          </reporter-output>
        </test-method> <!-- test_addNewVideoGame -->
        <test-method status="PASS" signature="test_getVideoGame()[pri:3, instance:testCases.TC_VideoGameAPI@685cb137]" name="test_getVideoGame" duration-ms="566" started-at="2019-10-15T12:08:09Z" finished-at="2019-10-15T12:08:09Z">
          <reporter-output>
          </reporter-output>
        </test-method> <!-- test_getVideoGame -->
        <test-method status="PASS" signature="test_UpdateVideoGame()[pri:4, instance:testCases.TC_VideoGameAPI@685cb137]" name="test_UpdateVideoGame" duration-ms="106" started-at="2019-10-15T12:08:09Z" finished-at="2019-10-15T12:08:09Z">
          <reporter-output>
          </reporter-output>
        </test-method> <!-- test_UpdateVideoGame -->
        <test-method status="PASS" signature="test_DeleteVideoGame()[pri:5, instance:testCases.TC_VideoGameAPI@685cb137]" name="test_DeleteVideoGame" duration-ms="67" started-at="2019-10-15T12:08:09Z" finished-at="2019-10-15T12:08:09Z">
          <reporter-output>
          </reporter-output>
        </test-method> <!-- test_DeleteVideoGame -->
      </class> <!-- testCases.TC_VideoGameAPI -->
    </test> <!-- Test -->
  </suite> <!-- Suite -->
</testng-results>
